<?xml version="1.0" encoding="utf-8"?><testsuites name="pytest tests"><testsuite name="pytest" errors="0" failures="0" skipped="0" tests="8" time="1.926" timestamp="2026-04-28T04:11:58.683804+00:00" hostname="agent-env-034ae31e-e1db-4c9b-b470-e25ee45c2e1b"><testcase classname="backend.tests.test_downloader_api.TestValidate" name="test_public_mp4_returns_is_public_true" time="0.354" /><testcase classname="backend.tests.test_downloader_api.TestValidate" name="test_403_returns_private" time="0.445" /><testcase classname="backend.tests.test_downloader_api.TestValidate" name="test_html_page_returns_private" time="0.286" /><testcase classname="backend.tests.test_downloader_api.TestValidate" name="test_invalid_url_string_returns_400" time="0.114" /><testcase classname="backend.tests.test_downloader_api.TestValidate" name="test_ftp_scheme_returns_400" time="0.108" /><testcase classname="backend.tests.test_downloader_api.TestDownloadCRUD" name="test_save_persists_item" time="0.115" /><testcase classname="backend.tests.test_downloader_api.TestDownloadCRUD" name="test_list_excludes_mongo_id" time="0.142" /><testcase classname="backend.tests.test_downloader_api.TestDownloadCRUD" name="test_delete_removes_item" time="0.190" /></testsuite></testsuites>